2024-10-12 03:10:11 Loading main app package /tmp/.mount_ObsidizfmdXT/resources/obsidian.asar
2024-10-12 03:10:11 Checking for update using Github
2024-10-12 03:10:12 Success.
2024-10-12 03:10:12 Latest version is 1.6.7
2024-10-12 03:10:12 App is up to date.
2024-10-12 03:12:19 Loading main app package /tmp/.mount_ObsidiWO8Mtk/resources/obsidian.asar
2024-10-12 03:12:20 Checking for update using Github
2024-10-12 03:12:20 Success.
2024-10-12 03:12:20 Latest version is 1.6.7
2024-10-12 03:12:20 App is up to date.
2024-10-12 03:13:25 Loading main app package /tmp/.mount_ObsidiCYHYka/resources/obsidian.asar
2024-10-12 03:13:29 Checking for update using Github
2024-10-12 03:13:30 Success.
2024-10-12 03:13:30 Latest version is 1.6.7
2024-10-12 03:13:30 App is up to date.
2024-10-12 03:13:39 Loading main app package /tmp/.mount_ObsidijNWCkj/resources/obsidian.asar
2024-10-12 03:13:40 Checking for update using Github
2024-10-12 03:13:40 Success.
2024-10-12 03:13:40 Latest version is 1.6.7
2024-10-12 03:13:40 App is up to date.
2024-10-12 03:15:41 Loading main app package /tmp/.mount_ObsidifMfafB/resources/obsidian.asar
2024-10-12 03:15:41 Checking for update using Github
2024-10-12 03:15:41 Success.
2024-10-12 03:15:41 Latest version is 1.6.7
2024-10-12 03:15:41 App is up to date.
2024-10-12 03:18:57 Loading main app package /tmp/.mount_Obsidil1v3Wq/resources/obsidian.asar
2024-10-12 03:18:57 Checking for update using Github
2024-10-12 03:18:58 Success.
2024-10-12 03:18:58 Latest version is 1.6.7
2024-10-12 03:18:58 App is up to date.
2024-10-12 18:38:20 Loading main app package /tmp/.mount_Obsidi0CzCH6/resources/obsidian.asar
2024-10-12 18:38:34 Loading main app package /tmp/.mount_ObsidiGKCeUa/resources/obsidian.asar
2024-10-12 18:39:11 Loading main app package /tmp/.mount_ObsididPjsxC/resources/obsidian.asar
2024-10-12 18:39:49 Loading main app package /tmp/.mount_ObsidiNmvNOy/resources/obsidian.asar
2024-10-12 18:39:56 Loading main app package /tmp/.mount_Obsidi7dcLpk/resources/obsidian.asar
2024-10-12 18:40:02 Loading main app package /tmp/.mount_ObsidiCaJDCo/resources/obsidian.asar
2024-10-12 18:40:21 Loading main app package /tmp/.mount_ObsidiT9Y4nJ/resources/obsidian.asar
2024-10-12 18:40:41 Loading main app package /tmp/.mount_ObsidiOvJMFC/resources/obsidian.asar
2024-10-12 18:41:04 Loading main app package /tmp/.mount_ObsidipRNPti/resources/obsidian.asar
2024-10-12 18:41:36 Loading main app package /tmp/.mount_ObsidiX4oCgk/resources/obsidian.asar
2024-10-12 18:41:38 Loading main app package /tmp/.mount_ObsidiiNPKI5/resources/obsidian.asar
2024-10-12 18:42:41 Loading main app package /tmp/.mount_ObsiditXhZJu/resources/obsidian.asar
2024-10-12 18:43:08 Loading main app package /home/batmanboxer/applications/squashfs-root/resources/obsidian.asar
2024-10-12 18:43:12 Loading main app package /home/batmanboxer/applications/squashfs-root/resources/obsidian.asar
2024-10-12 18:43:30 Loading main app package /home/batmanboxer/applications/squashfs-root/resources/obsidian.asar
2024-10-12 18:46:48 Loading main app package /tmp/.mount_Obsidi1YUYgW/resources/obsidian.asar
2024-10-12 18:46:55 Loading main app package /tmp/.mount_Obsidi3LZGQ7/resources/obsidian.asar
2024-10-12 18:47:17 Loading main app package /tmp/.mount_ObsidiE9Zz80/resources/obsidian.asar
2024-10-12 18:47:30 Loading main app package /tmp/.mount_ObsidiOyJcbM/resources/obsidian.asar
2024-10-12 18:52:46 Loading main app package /tmp/.mount_ObsiditWKQTP/resources/obsidian.asar
2024-10-12 19:16:00 Loading main app package /tmp/.mount_ObsidiBuhjsV/resources/obsidian.asar
2024-10-13 14:44:34 Loading main app package /tmp/.mount_Obsidica27kF/resources/obsidian.asar
2024-10-14 13:08:03 Loading main app package /tmp/.mount_ObsidiewNcgr/resources/obsidian.asar
2024-10-14 13:12:07 Loading main app package /tmp/.mount_ObsidiaEsofY/resources/obsidian.asar
2024-10-14 13:12:07 Checking for update using Github
2024-10-14 13:12:07 Success.
2024-10-14 13:12:07 Latest version is 1.6.7
2024-10-14 13:12:07 App is up to date.
2024-10-14 13:12:29 Loading main app package /tmp/.mount_Obsidimy0wDn/resources/obsidian.asar
2024-10-14 13:12:30 Checking for update using Github
2024-10-14 13:12:30 Success.
2024-10-14 13:12:30 Latest version is 1.6.7
2024-10-14 13:12:30 App is up to date.
2024-10-14 13:12:36 Loading main app package /tmp/.mount_ObsidipUHuWY/resources/obsidian.asar
2024-10-14 13:12:37 Checking for update using Github
2024-10-14 13:12:37 Success.
2024-10-14 13:12:37 Latest version is 1.6.7
2024-10-14 13:12:37 App is up to date.
2024-10-14 13:19:14 Loading main app package /tmp/.mount_ObsidiRzKUt3/resources/obsidian.asar
2024-10-14 13:20:52 Loading main app package /tmp/.mount_Obsidi35aPQF/resources/obsidian.asar
2024-10-14 13:21:02 Loading main app package /tmp/.mount_ObsidiMD5H6f/resources/obsidian.asar
2024-10-14 13:21:32 Loading main app package /tmp/.mount_ObsidiuJa7e5/resources/obsidian.asar
2024-10-14 13:22:29 Loading main app package /tmp/.mount_Obsidi1l5JCC/resources/obsidian.asar
2024-10-14 13:26:22 Loading main app package /tmp/.mount_Obsidih8pVaT/resources/obsidian.asar
2024-10-16 06:53:13 Loading main app package /tmp/.mount_Obsidi7jonNy/resources/obsidian.asar
2024-10-16 06:53:14 Checking for update using Github
2024-10-16 06:53:14 Success.
2024-10-16 06:53:14 Latest version is 1.6.7
2024-10-16 06:53:14 App is up to date.
2024-10-16 06:54:10 Loading main app package /tmp/.mount_ObsidiBJippB/resources/obsidian.asar
2024-10-16 06:54:10 Checking for update using Github
2024-10-16 06:54:10 Success.
2024-10-16 06:54:10 Latest version is 1.6.7
2024-10-16 06:54:10 App is up to date.
2024-10-16 06:54:22 Loading main app package /tmp/.mount_ObsidiEaw9Mx/resources/obsidian.asar
2024-10-16 06:54:22 Checking for update using Github
2024-10-16 06:54:22 Success.
2024-10-16 06:54:22 Latest version is 1.6.7
2024-10-16 06:54:22 App is up to date.
2024-10-17 07:49:56 Loading main app package /tmp/.mount_ObsidiKJSy3R/resources/obsidian.asar
2024-10-17 07:49:56 Checking for update using Github
2024-10-17 07:49:57 Success.
2024-10-17 07:49:57 Latest version is 1.7.4
2024-10-17 07:49:57 Downloading update from https://github.com/obsidianmd/obsidian-releases/releases/download/v1.7.4/obsidian-1.7.4.asar.gz
2024-10-17 07:49:59 Verifying hash & signature. Size= 8056043
2024-10-17 07:49:59 Saving file
2024-10-17 07:49:59 Update complete.
2024-10-17 13:26:49 Loading updated app package /home/batmanboxer/.config/obsidian/obsidian-1.7.4.asar
2024-10-17 13:26:49 Checking for update using Github
2024-10-17 13:26:50 Success.
2024-10-17 13:26:50 Latest version is 1.7.4
2024-10-17 13:26:50 App is up to date.
2024-10-17 13:27:00 Loading updated app package /home/batmanboxer/.config/obsidian/obsidian-1.7.4.asar
2024-10-17 13:27:01 Checking for update using Github
2024-10-17 13:27:01 Success.
2024-10-17 13:27:01 Latest version is 1.7.4
2024-10-17 13:27:01 App is up to date.
2024-10-19 08:51:47 Loading updated app package /home/batmanboxer/.config/obsidian/obsidian-1.7.4.asar
2024-10-19 08:51:48 Checking for update using Github
2024-10-19 08:51:48 Success.
2024-10-19 08:51:48 Latest version is 1.7.4
2024-10-19 08:51:48 App is up to date.
2024-10-23 09:55:32 Loading updated app package /home/batmanboxer/.config/obsidian/obsidian-1.7.4.asar
2024-10-23 09:55:32 Checking for update using Github
2024-10-23 09:55:33 Success.
2024-10-23 09:55:33 Latest version is 1.7.4
2024-10-23 09:55:33 App is up to date.
2024-10-31 11:36:27 Loading updated app package /home/batmanboxer/.config/obsidian/obsidian-1.7.4.asar
2024-10-31 11:36:27 Checking for update using Github
2024-10-31 11:36:28 Success.
2024-10-31 11:36:28 Latest version is 1.7.4
2024-10-31 11:36:28 App is up to date.
